<?xml version="1.0" encoding="UTF-8"?>
<testsuite xmlns:xsi="http://www.w3.org/2001/XMLSchema-instance" xsi:noNamespaceSchemaLocation="https://maven.apache.org/surefire/maven-surefire-plugin/xsd/surefire-test-report.xsd" name="runners.JUnit4Runner" time="3.062" tests="5" errors="0" skipped="0" failures="0">
  <properties>
[...]
</properties>
  <testcase name="searchByPartialNameLongTest on searchByPartialNameLongTest(tests.api.SearchTest)" classname="tests.api.SearchTest" time="0.836"/>
  <testcase name="searchByPartialNameShortTest on searchByPartialNameShortTest(tests.api.SearchTest)" classname="tests.api.SearchTest" time="0.034"/>
  <testcase name="searchAllUsersTest on searchAllUsersTest(tests.api.SearchTest)" classname="tests.api.SearchTest" time="0.032"/>
  <testcase name="searchByFullNameShortTest on searchByFullNameShortTest(tests.api.SearchTest)" classname="tests.api.SearchTest" time="0.027"/>
  <testcase name="searchByFullNameLongTest on searchByFullNameLongTest(tests.api.SearchTest)" classname="tests.api.SearchTest" time="1.043"/>
</testsuite>