<?xml version="1.0" encoding="UTF-8"?>
<testsuite xmlns:xsi="http://www.w3.org/2001/XMLSchema-instance" xsi:noNamespaceSchemaLocation="https://maven.apache.org/surefire/maven-surefire-plugin/xsd/surefire-test-report.xsd" name="TestSuite" time="151.85" tests="3" errors="0" skipped="0" failures="3">
  <properties>
[...]
</properties>
  <testcase name="bookingLoginWithEmailPassword on bookingLoginWithEmailPassword(tests.BookingLoginTest)" classname="tests.BookingLoginTest" time="40.811">
    <failure message="no such element: Unable to locate element: {&quot;method&quot;:&quot;css selector&quot;,&quot;selector&quot;:&quot;#fe-dea&quot;}&#10;  (Session info: MicrosoftEdge=101.0.1210.53)&#10;For documentation on this error, please visit: https://www.seleniumhq.org/exceptions/no_such_element.html&#10;Build info: version: &apos;3.141.59&apos;, revision: &apos;e82be7d358&apos;, time: &apos;2018-11-14T08:17:03&apos;&#10;System info: host: &apos;ITEXUS-0066&apos;, ip: &apos;192.168.0.101&apos;, os.name: &apos;Windows 10&apos;, os.arch: &apos;amd64&apos;, os.version: &apos;10.0&apos;, java.version: &apos;14&apos;&#10;Driver info: org.openqa.selenium.edge.EdgeDriver&#10;Capabilities {acceptInsecureCerts: false, browserName: msedge, browserVersion: 101.0.1210.53, javascriptEnabled: true, ms:edgeOptions: {debuggerAddress: localhost:58308}, msedge: {msedgedriverVersion: 101.0.1210.47 (f5323bd54bb6..., userDataDir: C:\Users\IT0054\AppData\Loc...}, networkConnectionEnabled: false, pageLoadStrategy: normal, platform: WINDOWS, platformName: WINDOWS, proxy: Proxy(), setWindowRect: true, strictFileInteractability: false, timeouts: {implicit: 0, pageLoad: 300000, script: 30000}, unhandledPromptBehavior: dismiss and notify, webauthn:extension:credBlob: true, webauthn:extension:largeBlob: true, webauthn:virtualAuthenticators: true}&#10;Session ID: eaac145f396c309ecebc31cae11f763f&#10;*** Element info: {Using=css selector, value=#fe-dea}" type="org.openqa.selenium.NoSuchElementException">org.openqa.selenium.NoSuchElementException: 
no such element: Unable to locate element: {"method":"css selector","selector":"#fe-dea"}
  (Session info: MicrosoftEdge=101.0.1210.53)
For documentation on this error, please visit: https://www.seleniumhq.org/exceptions/no_such_element.html
Build info: version: '3.141.59', revision: 'e82be7d358', time: '2018-11-14T08:17:03'
System info: host: 'ITEXUS-0066', ip: '192.168.0.101', os.name: 'Windows 10', os.arch: 'amd64', os.version: '10.0', java.version: '14'
Driver info: org.openqa.selenium.edge.EdgeDriver
Capabilities {acceptInsecureCerts: false, browserName: msedge, browserVersion: 101.0.1210.53, javascriptEnabled: true, ms:edgeOptions: {debuggerAddress: localhost:58308}, msedge: {msedgedriverVersion: 101.0.1210.47 (f5323bd54bb6..., userDataDir: C:\Users\IT0054\AppData\Loc...}, networkConnectionEnabled: false, pageLoadStrategy: normal, platform: WINDOWS, platformName: WINDOWS, proxy: Proxy(), setWindowRect: true, strictFileInteractability: false, timeouts: {implicit: 0, pageLoad: 300000, script: 30000}, unhandledPromptBehavior: dismiss and notify, webauthn:extension:credBlob: true, webauthn:extension:largeBlob: true, webauthn:virtualAuthenticators: true}
Session ID: eaac145f396c309ecebc31cae11f763f
*** Element info: {Using=css selector, value=#fe-dea}
	at tests.BookingLoginTest.bookingLoginWithEmailPassword(BookingLoginTest.java:33)
</failure>
    <system-out><![CDATA[Usage: <main class> [options] The XML suite files to run
  Options:
    -alwaysrunlisteners
      Should MethodInvocation Listeners be run even for skipped methods
      Default: true
    -configfailurepolicy
      Configuration failure policy (skip or continue)
    -d
      Output directory
    -dataproviderthreadcount
      Number of threads to use when running data providers
    -dependencyinjectorfactory
      The dependency injector factory implementation that TestNG should use.
    -excludegroups
      Comma-separated list of group names to  exclude
    -failwheneverythingskipped
      Should TestNG fail execution if all tests were skipped and nothing was 
      run. 
      Default: false
    -groups
      Comma-separated list of group names to be run
    -includeAllDataDrivenTestsWhenSkipping
      Should TestNG report all iterations of a data driven test as individual 
      skips, in-case of upstream failures.
      Default: false
    -junit
      JUnit mode
      Default: false
    -listener
      List of .class files or list of class names implementing ITestListener 
      or ISuiteListener
    -methods
      Comma separated of test methods
      Default: []
    -methodselectors
      List of .class files or list of class names implementing IMethodSelector
    -mixed
      Mixed mode - autodetect the type of current test and run it with 
      appropriate runner
      Default: false
    -objectfactory
      List of .class files or list of class names implementing 
      ITestRunnerFactory 
    -overrideincludedmethods
      Comma separated fully qualified class names of listeners that should be 
      skipped from being wired in via Service Loaders.
      Default: false
    -parallel
      Parallel mode (methods, tests or classes)
      Possible Values: [tests, methods, classes, instances, none]
    -port
      The port
    -reporter
      Extended configuration for custom report listener
    -spilistenerstoskip
      Comma separated fully qualified class names of listeners that should be 
      skipped from being wired in via Service Loaders.
      Default: <empty string>
    -suitename
      Default name of test suite, if not specified in suite definition file or 
      source code
    -suitethreadpoolsize
      Size of the thread pool to use to run suites
      Default: 1
    -testclass
      The list of test classes
    -testjar
      A jar file containing the tests
    -testname
      Default name of test, if not specified in suitedefinition file or source 
      code 
    -testnames
      The list of test names to run
    -testrunfactory, -testRunFactory
      The factory used to create tests
    -threadcount
      Number of threads to use when running tests in parallel
    -threadpoolfactoryclass
      The threadpool executor factory implementation that TestNG should use.
    -usedefaultlisteners
      Whether to use the default listeners
      Default: true
    -log, -verbose
      Level of verbosity
    -xmlpathinjar
      The full path to the xml file inside the jar file (only valid if 
      -testjar was specified)
      Default: testng.xml

Feature: Fake One

  Scenario: I run fake 1      &amp#27;[90m# src/test/resources/features/fake/FakeOne.feature:3&amp#27;[0m
    &amp#27;[32mGiven &amp#27;[0m&amp#27;[32mI go to booking.com&amp#27;[0m &amp#27;[90m# FakeBaseSteps.checkHeaderTest()&amp#27;[0m
    &amp#27;[32mWhen &amp#27;[0m&amp#27;[32mI start waiting&amp#27;[0m      &amp#27;[90m# FakeBaseSteps.checkFooterTest()&amp#27;[0m
    &amp#27;[32mThen &amp#27;[0m&amp#27;[32mI just passed&amp#27;[0m        &amp#27;[90m# FakeBaseSteps.verify()&amp#27;[0m

1 Scenarios (&amp#27;[32m1 passed&amp#27;[0m)
3 Steps (&amp#27;[32m3 passed&amp#27;[0m)
0m16.635s

Feature: Fake Two

  Scenario: I run fake 2      &amp#27;[90m# src/test/resources/features/fake/FakeTwo.feature:3&amp#27;[0m
    &amp#27;[32mGiven &amp#27;[0m&amp#27;[32mI go to booking.com&amp#27;[0m &amp#27;[90m# FakeBaseSteps.checkHeaderTest()&amp#27;[0m
    &amp#27;[32mWhen &amp#27;[0m&amp#27;[32mI start waiting&amp#27;[0m      &amp#27;[90m# FakeBaseSteps.checkFooterTest()&amp#27;[0m
    &amp#27;[32mThen &amp#27;[0m&amp#27;[32mI just passed&amp#27;[0m        &amp#27;[90m# FakeBaseSteps.verify()&amp#27;[0m

1 Scenarios (&amp#27;[32m1 passed&amp#27;[0m)
3 Steps (&amp#27;[32m3 passed&amp#27;[0m)
0m14.796s

]]></system-out>
    <system-err><![CDATA[SLF4J: Failed to load class "org.slf4j.impl.StaticLoggerBinder".
SLF4J: Defaulting to no-operation (NOP) logger implementation
SLF4J: See http://www.slf4j.org/codes.html#StaticLoggerBinder for further details.
Starting MSEdgeDriver 101.0.1210.47 (f5323bd54bb60f77072603850ed368ae23c34251) on port 21815
Only local connections are allowed.
Please see https://chromedriver.chromium.org/security-considerations for suggestions on keeping MSEdgeDriver safe.
MSEdgeDriver was started successfully.
May 21, 2022 11:39:50 AM org.openqa.selenium.remote.ProtocolHandshake createSession
INFO: Detected dialect: W3C
Starting MSEdgeDriver 101.0.1210.47 (f5323bd54bb60f77072603850ed368ae23c34251) on port 30493
Only local connections are allowed.
Please see https://chromedriver.chromium.org/security-considerations for suggestions on keeping MSEdgeDriver safe.
MSEdgeDriver was started successfully.
May 21, 2022 11:40:05 AM org.openqa.selenium.remote.ProtocolHandshake createSession
INFO: Detected dialect: W3C
Starting MSEdgeDriver 101.0.1210.47 (f5323bd54bb60f77072603850ed368ae23c34251) on port 43288
Only local connections are allowed.
Please see https://chromedriver.chromium.org/security-considerations for suggestions on keeping MSEdgeDriver safe.
MSEdgeDriver was started successfully.
May 21, 2022 11:40:20 AM org.openqa.selenium.remote.ProtocolHandshake createSession
INFO: Detected dialect: W3C
]]></system-err>
  </testcase>
  <testcase name="registerWithEmailPassword on registerWithEmailPassword(tests.BookingRegistrationTest)" classname="tests.BookingRegistrationTest" time="37.613">
    <failure message="element not interactable&#10;  (Session info: MicrosoftEdge=101.0.1210.53)&#10;Build info: version: &apos;3.141.59&apos;, revision: &apos;e82be7d358&apos;, time: &apos;2018-11-14T08:17:03&apos;&#10;System info: host: &apos;ITEXUS-0066&apos;, ip: &apos;192.168.0.101&apos;, os.name: &apos;Windows 10&apos;, os.arch: &apos;amd64&apos;, os.version: &apos;10.0&apos;, java.version: &apos;14&apos;&#10;Driver info: org.openqa.selenium.edge.EdgeDriver&#10;Capabilities {acceptInsecureCerts: false, browserName: msedge, browserVersion: 101.0.1210.53, javascriptEnabled: true, ms:edgeOptions: {debuggerAddress: localhost:58385}, msedge: {msedgedriverVersion: 101.0.1210.47 (f5323bd54bb6..., userDataDir: C:\Users\IT0054\AppData\Loc...}, networkConnectionEnabled: false, pageLoadStrategy: normal, platform: WINDOWS, platformName: WINDOWS, proxy: Proxy(), setWindowRect: true, strictFileInteractability: false, timeouts: {implicit: 0, pageLoad: 300000, script: 30000}, unhandledPromptBehavior: dismiss and notify, webauthn:extension:credBlob: true, webauthn:extension:largeBlob: true, webauthn:virtualAuthenticators: true}&#10;Session ID: 7364b7cd2d1bd864e90a69e163b682cd" type="org.openqa.selenium.ElementNotInteractableException">org.openqa.selenium.ElementNotInteractableException: 
element not interactable
  (Session info: MicrosoftEdge=101.0.1210.53)
Build info: version: '3.141.59', revision: 'e82be7d358', time: '2018-11-14T08:17:03'
System info: host: 'ITEXUS-0066', ip: '192.168.0.101', os.name: 'Windows 10', os.arch: 'amd64', os.version: '10.0', java.version: '14'
Driver info: org.openqa.selenium.edge.EdgeDriver
Capabilities {acceptInsecureCerts: false, browserName: msedge, browserVersion: 101.0.1210.53, javascriptEnabled: true, ms:edgeOptions: {debuggerAddress: localhost:58385}, msedge: {msedgedriverVersion: 101.0.1210.47 (f5323bd54bb6..., userDataDir: C:\Users\IT0054\AppData\Loc...}, networkConnectionEnabled: false, pageLoadStrategy: normal, platform: WINDOWS, platformName: WINDOWS, proxy: Proxy(), setWindowRect: true, strictFileInteractability: false, timeouts: {implicit: 0, pageLoad: 300000, script: 30000}, unhandledPromptBehavior: dismiss and notify, webauthn:extension:credBlob: true, webauthn:extension:largeBlob: true, webauthn:virtualAuthenticators: true}
Session ID: 7364b7cd2d1bd864e90a69e163b682cd
	at tests.BookingRegistrationTest.startTest(BookingRegistrationTest.java:39)
</failure>
    <system-err><![CDATA[Starting MSEdgeDriver 101.0.1210.47 (f5323bd54bb60f77072603850ed368ae23c34251) on port 9578
Only local connections are allowed.
Please see https://chromedriver.chromium.org/security-considerations for suggestions on keeping MSEdgeDriver safe.
MSEdgeDriver was started successfully.
May 21, 2022 11:41:01 AM org.openqa.selenium.remote.ProtocolHandshake createSession
INFO: Detected dialect: W3C
]]></system-err>
  </testcase>
  <testcase name="getWishlistItemsTest on getWishlistItemsTest(tests.BookingWishlistTest)" classname="tests.BookingWishlistTest" time="40.613">
    <failure message="no such element: Unable to locate element: {&quot;method&quot;:&quot;css selector&quot;,&quot;selector&quot;:&quot;#ss&quot;}&#10;  (Session info: MicrosoftEdge=101.0.1210.53)&#10;For documentation on this error, please visit: https://www.seleniumhq.org/exceptions/no_such_element.html&#10;Build info: version: &apos;3.141.59&apos;, revision: &apos;e82be7d358&apos;, time: &apos;2018-11-14T08:17:03&apos;&#10;System info: host: &apos;ITEXUS-0066&apos;, ip: &apos;192.168.0.101&apos;, os.name: &apos;Windows 10&apos;, os.arch: &apos;amd64&apos;, os.version: &apos;10.0&apos;, java.version: &apos;14&apos;&#10;Driver info: org.openqa.selenium.edge.EdgeDriver&#10;Capabilities {acceptInsecureCerts: false, browserName: msedge, browserVersion: 101.0.1210.53, javascriptEnabled: true, ms:edgeOptions: {debuggerAddress: localhost:58385}, msedge: {msedgedriverVersion: 101.0.1210.47 (f5323bd54bb6..., userDataDir: C:\Users\IT0054\AppData\Loc...}, networkConnectionEnabled: false, pageLoadStrategy: normal, platform: WINDOWS, platformName: WINDOWS, proxy: Proxy(), setWindowRect: true, strictFileInteractability: false, timeouts: {implicit: 0, pageLoad: 300000, script: 30000}, unhandledPromptBehavior: dismiss and notify, webauthn:extension:credBlob: true, webauthn:extension:largeBlob: true, webauthn:virtualAuthenticators: true}&#10;Session ID: 7364b7cd2d1bd864e90a69e163b682cd&#10;*** Element info: {Using=css selector, value=#ss}" type="org.openqa.selenium.NoSuchElementException">org.openqa.selenium.NoSuchElementException: 
no such element: Unable to locate element: {"method":"css selector","selector":"#ss"}
  (Session info: MicrosoftEdge=101.0.1210.53)
For documentation on this error, please visit: https://www.seleniumhq.org/exceptions/no_such_element.html
Build info: version: '3.141.59', revision: 'e82be7d358', time: '2018-11-14T08:17:03'
System info: host: 'ITEXUS-0066', ip: '192.168.0.101', os.name: 'Windows 10', os.arch: 'amd64', os.version: '10.0', java.version: '14'
Driver info: org.openqa.selenium.edge.EdgeDriver
Capabilities {acceptInsecureCerts: false, browserName: msedge, browserVersion: 101.0.1210.53, javascriptEnabled: true, ms:edgeOptions: {debuggerAddress: localhost:58385}, msedge: {msedgedriverVersion: 101.0.1210.47 (f5323bd54bb6..., userDataDir: C:\Users\IT0054\AppData\Loc...}, networkConnectionEnabled: false, pageLoadStrategy: normal, platform: WINDOWS, platformName: WINDOWS, proxy: Proxy(), setWindowRect: true, strictFileInteractability: false, timeouts: {implicit: 0, pageLoad: 300000, script: 30000}, unhandledPromptBehavior: dismiss and notify, webauthn:extension:credBlob: true, webauthn:extension:largeBlob: true, webauthn:virtualAuthenticators: true}
Session ID: 7364b7cd2d1bd864e90a69e163b682cd
*** Element info: {Using=css selector, value=#ss}
	at tests.BookingWishlistTest.getWishlistItemsTest(BookingWishlistTest.java:40)
</failure>
  </testcase>
</testsuite>